DEPRECATION WARNING: You didn't set `secret_key_base`. Read the upgrade documentation to learn more about this new config option. (called from env_config at /var/lib/gems/2.3.0/gems/railties-5.1.4/lib/rails/application.rb:247)
DEPRECATION WARNING: You didn't set `secret_key_base`. Read the upgrade documentation to learn more about this new config option. (called from env_config at /var/lib/gems/2.3.0/gems/railties-5.1.4/lib/rails/application.rb:247)
Started GET "/" for 127.0.0.1 at 2017-11-15 11:23:50 +0700
  
Gem::LoadError (Specified 'sqlite3' for database adapter, but the gem is not loaded. Add `gem 'sqlite3'` to your Gemfile (and ensure its version is at the minimum required by ActiveRecord).):
  
activerecord (5.1.4) lib/active_record/connection_adapters/connection_specification.rb:188:in `rescue in spec'
activerecord (5.1.4) lib/active_record/connection_adapters/connection_specification.rb:185:in `spec'
activerecord (5.1.4) lib/active_record/connection_adapters/abstract/connection_pool.rb:880:in `establish_connection'
activerecord (5.1.4) lib/active_record/connection_handling.rb:58:in `establish_connection'
activerecord (5.1.4) lib/active_record/railtie.rb:124:in `block (2 levels) in <class:Railtie>'
activesupport (5.1.4) lib/active_support/lazy_load_hooks.rb:69:in `instance_eval'
activesupport (5.1.4) lib/active_support/lazy_load_hooks.rb:69:in `block in execute_hook'
activesupport (5.1.4) lib/active_support/lazy_load_hooks.rb:60:in `with_execution_control'
activesupport (5.1.4) lib/active_support/lazy_load_hooks.rb:65:in `execute_hook'
activesupport (5.1.4) lib/active_support/lazy_load_hooks.rb:50:in `block in run_load_hooks'
activesupport (5.1.4) lib/active_support/lazy_load_hooks.rb:49:in `each'
activesupport (5.1.4) lib/active_support/lazy_load_hooks.rb:49:in `run_load_hooks'
activerecord (5.1.4) lib/active_record/base.rb:326:in `<module:ActiveRecord>'
activerecord (5.1.4) lib/active_record/base.rb:25:in `<top (required)>'
activesupport (5.1.4) lib/active_support/dependencies.rb:292:in `require'
activesupport (5.1.4) lib/active_support/dependencies.rb:292:in `block in require'
activesupport (5.1.4) lib/active_support/dependencies.rb:258:in `load_dependency'
activesupport (5.1.4) lib/active_support/dependencies.rb:292:in `require'
activerecord (5.1.4) lib/active_record/migration.rb:562:in `connection'
activerecord (5.1.4) lib/active_record/migration.rb:553:in `call'
actionpack (5.1.4) lib/action_dispatch/middleware/callbacks.rb:26:in `block in call'
activesupport (5.1.4) lib/active_support/callbacks.rb:97:in `run_callbacks'
actionpack (5.1.4) lib/action_dispatch/middleware/callbacks.rb:24:in `call'
actionpack (5.1.4) lib/action_dispatch/middleware/executor.rb:12:in `call'
actionpack (5.1.4) lib/action_dispatch/middleware/debug_exceptions.rb:59:in `call'
web-console (3.5.1) lib/web_console/middleware.rb:135:in `call_app'
web-console (3.5.1) lib/web_console/middleware.rb:28:in `block in call'
web-console (3.5.1) lib/web_console/middleware.rb:18:in `catch'
web-console (3.5.1) lib/web_console/middleware.rb:18:in `call'
actionpack (5.1.4) lib/action_dispatch/middleware/show_exceptions.rb:31:in `call'
railties (5.1.4) lib/rails/rack/logger.rb:36:in `call_app'
railties (5.1.4) lib/rails/rack/logger.rb:24:in `block in call'
activesupport (5.1.4) lib/active_support/tagged_logging.rb:69:in `block in tagged'
activesupport (5.1.4) lib/active_support/tagged_logging.rb:26:in `tagged'
activesupport (5.1.4) lib/active_support/tagged_logging.rb:69:in `tagged'
railties (5.1.4) lib/rails/rack/logger.rb:24:in `call'
sprockets-rails (3.2.1) lib/sprockets/rails/quiet_assets.rb:13:in `call'
actionpack (5.1.4) lib/action_dispatch/middleware/remote_ip.rb:79:in `call'
actionpack (5.1.4) lib/action_dispatch/middleware/request_id.rb:25:in `call'
rack (2.0.3) lib/rack/method_override.rb:22:in `call'
rack (2.0.3) lib/rack/runtime.rb:22:in `call'
activesupport (5.1.4) lib/active_support/cache/strategy/local_cache_middleware.rb:27:in `call'
actionpack (5.1.4) lib/action_dispatch/middleware/executor.rb:12:in `call'
actionpack (5.1.4) lib/action_dispatch/middleware/static.rb:125:in `call'
rack (2.0.3) lib/rack/sendfile.rb:111:in `call'
railties (5.1.4) lib/rails/engine.rb:522:in `call'
puma (3.10.0) lib/puma/configuration.rb:225:in `call'
puma (3.10.0) lib/puma/server.rb:605:in `handle_request'
puma (3.10.0) lib/puma/server.rb:437:in `process_client'
puma (3.10.0) lib/puma/server.rb:301:in `block in run'
puma (3.10.0) lib/puma/thread_pool.rb:120:in `block in spawn_thread'
Started GET "/" for 127.0.0.1 at 2017-11-15 11:24:36 +0700
  
ActiveRecord::ConnectionNotEstablished (No connection pool with 'primary' found.):
  
activerecord (5.1.4) lib/active_record/connection_adapters/abstract/connection_pool.rb:930:in `retrieve_connection'
activerecord (5.1.4) lib/active_record/connection_handling.rb:116:in `retrieve_connection'
activerecord (5.1.4) lib/active_record/connection_handling.rb:88:in `connection'
activerecord (5.1.4) lib/active_record/migration.rb:562:in `connection'
activerecord (5.1.4) lib/active_record/migration.rb:553:in `call'
actionpack (5.1.4) lib/action_dispatch/middleware/callbacks.rb:26:in `block in call'
activesupport (5.1.4) lib/active_support/callbacks.rb:97:in `run_callbacks'
actionpack (5.1.4) lib/action_dispatch/middleware/callbacks.rb:24:in `call'
actionpack (5.1.4) lib/action_dispatch/middleware/executor.rb:12:in `call'
actionpack (5.1.4) lib/action_dispatch/middleware/debug_exceptions.rb:59:in `call'
web-console (3.5.1) lib/web_console/middleware.rb:135:in `call_app'
web-console (3.5.1) lib/web_console/middleware.rb:28:in `block in call'
web-console (3.5.1) lib/web_console/middleware.rb:18:in `catch'
web-console (3.5.1) lib/web_console/middleware.rb:18:in `call'
actionpack (5.1.4) lib/action_dispatch/middleware/show_exceptions.rb:31:in `call'
railties (5.1.4) lib/rails/rack/logger.rb:36:in `call_app'
railties (5.1.4) lib/rails/rack/logger.rb:24:in `block in call'
activesupport (5.1.4) lib/active_support/tagged_logging.rb:69:in `block in tagged'
activesupport (5.1.4) lib/active_support/tagged_logging.rb:26:in `tagged'
activesupport (5.1.4) lib/active_support/tagged_logging.rb:69:in `tagged'
railties (5.1.4) lib/rails/rack/logger.rb:24:in `call'
sprockets-rails (3.2.1) lib/sprockets/rails/quiet_assets.rb:13:in `call'
actionpack (5.1.4) lib/action_dispatch/middleware/remote_ip.rb:79:in `call'
actionpack (5.1.4) lib/action_dispatch/middleware/request_id.rb:25:in `call'
rack (2.0.3) lib/rack/method_override.rb:22:in `call'
rack (2.0.3) lib/rack/runtime.rb:22:in `call'
activesupport (5.1.4) lib/active_support/cache/strategy/local_cache_middleware.rb:27:in `call'
actionpack (5.1.4) lib/action_dispatch/middleware/executor.rb:12:in `call'
actionpack (5.1.4) lib/action_dispatch/middleware/static.rb:125:in `call'
rack (2.0.3) lib/rack/sendfile.rb:111:in `call'
railties (5.1.4) lib/rails/engine.rb:522:in `call'
puma (3.10.0) lib/puma/configuration.rb:225:in `call'
puma (3.10.0) lib/puma/server.rb:605:in `handle_request'
puma (3.10.0) lib/puma/server.rb:437:in `process_client'
puma (3.10.0) lib/puma/server.rb:301:in `block in run'
puma (3.10.0) lib/puma/thread_pool.rb:120:in `block in spawn_thread'
Started GET "/" for 127.0.0.1 at 2017-11-15 11:24:40 +0700
  
ActiveRecord::ConnectionNotEstablished (No connection pool with 'primary' found.):
  
activerecord (5.1.4) lib/active_record/connection_adapters/abstract/connection_pool.rb:930:in `retrieve_connection'
activerecord (5.1.4) lib/active_record/connection_handling.rb:116:in `retrieve_connection'
activerecord (5.1.4) lib/active_record/connection_handling.rb:88:in `connection'
activerecord (5.1.4) lib/active_record/migration.rb:562:in `connection'
activerecord (5.1.4) lib/active_record/migration.rb:553:in `call'
actionpack (5.1.4) lib/action_dispatch/middleware/callbacks.rb:26:in `block in call'
activesupport (5.1.4) lib/active_support/callbacks.rb:97:in `run_callbacks'
actionpack (5.1.4) lib/action_dispatch/middleware/callbacks.rb:24:in `call'
actionpack (5.1.4) lib/action_dispatch/middleware/executor.rb:12:in `call'
actionpack (5.1.4) lib/action_dispatch/middleware/debug_exceptions.rb:59:in `call'
web-console (3.5.1) lib/web_console/middleware.rb:135:in `call_app'
web-console (3.5.1) lib/web_console/middleware.rb:28:in `block in call'
web-console (3.5.1) lib/web_console/middleware.rb:18:in `catch'
web-console (3.5.1) lib/web_console/middleware.rb:18:in `call'
actionpack (5.1.4) lib/action_dispatch/middleware/show_exceptions.rb:31:in `call'
railties (5.1.4) lib/rails/rack/logger.rb:36:in `call_app'
railties (5.1.4) lib/rails/rack/logger.rb:24:in `block in call'
activesupport (5.1.4) lib/active_support/tagged_logging.rb:69:in `block in tagged'
activesupport (5.1.4) lib/active_support/tagged_logging.rb:26:in `tagged'
activesupport (5.1.4) lib/active_support/tagged_logging.rb:69:in `tagged'
railties (5.1.4) lib/rails/rack/logger.rb:24:in `call'
sprockets-rails (3.2.1) lib/sprockets/rails/quiet_assets.rb:13:in `call'
actionpack (5.1.4) lib/action_dispatch/middleware/remote_ip.rb:79:in `call'
actionpack (5.1.4) lib/action_dispatch/middleware/request_id.rb:25:in `call'
rack (2.0.3) lib/rack/method_override.rb:22:in `call'
rack (2.0.3) lib/rack/runtime.rb:22:in `call'
activesupport (5.1.4) lib/active_support/cache/strategy/local_cache_middleware.rb:27:in `call'
actionpack (5.1.4) lib/action_dispatch/middleware/executor.rb:12:in `call'
actionpack (5.1.4) lib/action_dispatch/middleware/static.rb:125:in `call'
rack (2.0.3) lib/rack/sendfile.rb:111:in `call'
railties (5.1.4) lib/rails/engine.rb:522:in `call'
puma (3.10.0) lib/puma/configuration.rb:225:in `call'
puma (3.10.0) lib/puma/server.rb:605:in `handle_request'
puma (3.10.0) lib/puma/server.rb:437:in `process_client'
puma (3.10.0) lib/puma/server.rb:301:in `block in run'
puma (3.10.0) lib/puma/thread_pool.rb:120:in `block in spawn_thread'
Started GET "/" for 127.0.0.1 at 2017-11-15 11:25:00 +0700
  
ActiveRecord::PendingMigrationError (

Migrations are pending. To resolve this issue, run:

        bin/rails db:migrate RAILS_ENV=development

):
  
activerecord (5.1.4) lib/active_record/migration.rb:576:in `check_pending!'
activerecord (5.1.4) lib/active_record/migration.rb:553:in `call'
actionpack (5.1.4) lib/action_dispatch/middleware/callbacks.rb:26:in `block in call'
activesupport (5.1.4) lib/active_support/callbacks.rb:97:in `run_callbacks'
actionpack (5.1.4) lib/action_dispatch/middleware/callbacks.rb:24:in `call'
actionpack (5.1.4) lib/action_dispatch/middleware/executor.rb:12:in `call'
actionpack (5.1.4) lib/action_dispatch/middleware/debug_exceptions.rb:59:in `call'
web-console (3.5.1) lib/web_console/middleware.rb:135:in `call_app'
web-console (3.5.1) lib/web_console/middleware.rb:28:in `block in call'
web-console (3.5.1) lib/web_console/middleware.rb:18:in `catch'
web-console (3.5.1) lib/web_console/middleware.rb:18:in `call'
actionpack (5.1.4) lib/action_dispatch/middleware/show_exceptions.rb:31:in `call'
railties (5.1.4) lib/rails/rack/logger.rb:36:in `call_app'
railties (5.1.4) lib/rails/rack/logger.rb:24:in `block in call'
activesupport (5.1.4) lib/active_support/tagged_logging.rb:69:in `block in tagged'
activesupport (5.1.4) lib/active_support/tagged_logging.rb:26:in `tagged'
activesupport (5.1.4) lib/active_support/tagged_logging.rb:69:in `tagged'
railties (5.1.4) lib/rails/rack/logger.rb:24:in `call'
sprockets-rails (3.2.1) lib/sprockets/rails/quiet_assets.rb:13:in `call'
actionpack (5.1.4) lib/action_dispatch/middleware/remote_ip.rb:79:in `call'
actionpack (5.1.4) lib/action_dispatch/middleware/request_id.rb:25:in `call'
rack (2.0.3) lib/rack/method_override.rb:22:in `call'
rack (2.0.3) lib/rack/runtime.rb:22:in `call'
activesupport (5.1.4) lib/active_support/cache/strategy/local_cache_middleware.rb:27:in `call'
actionpack (5.1.4) lib/action_dispatch/middleware/executor.rb:12:in `call'
actionpack (5.1.4) lib/action_dispatch/middleware/static.rb:125:in `call'
rack (2.0.3) lib/rack/sendfile.rb:111:in `call'
railties (5.1.4) lib/rails/engine.rb:522:in `call'
puma (3.10.0) lib/puma/configuration.rb:225:in `call'
puma (3.10.0) lib/puma/server.rb:605:in `handle_request'
puma (3.10.0) lib/puma/server.rb:437:in `process_client'
puma (3.10.0) lib/puma/server.rb:301:in `block in run'
puma (3.10.0) lib/puma/thread_pool.rb:120:in `block in spawn_thread'
Started GET "/" for 127.0.0.1 at 2017-11-15 11:25:01 +0700
  
ActiveRecord::PendingMigrationError (

Migrations are pending. To resolve this issue, run:

        bin/rails db:migrate RAILS_ENV=development

):
  
activerecord (5.1.4) lib/active_record/migration.rb:576:in `check_pending!'
activerecord (5.1.4) lib/active_record/migration.rb:553:in `call'
actionpack (5.1.4) lib/action_dispatch/middleware/callbacks.rb:26:in `block in call'
activesupport (5.1.4) lib/active_support/callbacks.rb:97:in `run_callbacks'
actionpack (5.1.4) lib/action_dispatch/middleware/callbacks.rb:24:in `call'
actionpack (5.1.4) lib/action_dispatch/middleware/executor.rb:12:in `call'
actionpack (5.1.4) lib/action_dispatch/middleware/debug_exceptions.rb:59:in `call'
web-console (3.5.1) lib/web_console/middleware.rb:135:in `call_app'
web-console (3.5.1) lib/web_console/middleware.rb:28:in `block in call'
web-console (3.5.1) lib/web_console/middleware.rb:18:in `catch'
web-console (3.5.1) lib/web_console/middleware.rb:18:in `call'
actionpack (5.1.4) lib/action_dispatch/middleware/show_exceptions.rb:31:in `call'
railties (5.1.4) lib/rails/rack/logger.rb:36:in `call_app'
railties (5.1.4) lib/rails/rack/logger.rb:24:in `block in call'
activesupport (5.1.4) lib/active_support/tagged_logging.rb:69:in `block in tagged'
activesupport (5.1.4) lib/active_support/tagged_logging.rb:26:in `tagged'
activesupport (5.1.4) lib/active_support/tagged_logging.rb:69:in `tagged'
railties (5.1.4) lib/rails/rack/logger.rb:24:in `call'
sprockets-rails (3.2.1) lib/sprockets/rails/quiet_assets.rb:13:in `call'
actionpack (5.1.4) lib/action_dispatch/middleware/remote_ip.rb:79:in `call'
actionpack (5.1.4) lib/action_dispatch/middleware/request_id.rb:25:in `call'
rack (2.0.3) lib/rack/method_override.rb:22:in `call'
rack (2.0.3) lib/rack/runtime.rb:22:in `call'
activesupport (5.1.4) lib/active_support/cache/strategy/local_cache_middleware.rb:27:in `call'
actionpack (5.1.4) lib/action_dispatch/middleware/executor.rb:12:in `call'
actionpack (5.1.4) lib/action_dispatch/middleware/static.rb:125:in `call'
rack (2.0.3) lib/rack/sendfile.rb:111:in `call'
railties (5.1.4) lib/rails/engine.rb:522:in `call'
puma (3.10.0) lib/puma/configuration.rb:225:in `call'
puma (3.10.0) lib/puma/server.rb:605:in `handle_request'
puma (3.10.0) lib/puma/server.rb:437:in `process_client'
puma (3.10.0) lib/puma/server.rb:301:in `block in run'
puma (3.10.0) lib/puma/thread_pool.rb:120:in `block in spawn_thread'
  [1m[35m (0.1ms)[0m  [1m[34mSELECT sqlite_version(*)[0m
  [1m[35m (115.7ms)[0m  [1m[35mCREATE TABLE "schema_migrations" ("version" varchar NOT NULL PRIMARY KEY)[0m
  [1m[35m (102.6ms)[0m  [1m[35mCREATE TABLE "ar_internal_metadata" ("key" varchar NOT NULL PRIMARY KEY, "value" varchar, "created_at" datetime NOT NULL, "updated_at" datetime NOT NULL)[0m
  [1m[35m (0.2ms)[0m  [1m[34mSELECT "schema_migrations"."version" FROM "schema_migrations" ORDER BY "schema_migrations"."version" ASC[0m
Migrating to CreateUsers (20171102064626)
  [1m[35m (0.1ms)[0m  [1m[36mbegin transaction[0m
  [1m[35m (0.4ms)[0m  [1m[35mCREATE TABLE "users" ("id" INTEGER PRIMARY KEY AUTOINCREMENT NOT NULL, "name" varchar, "email" varchar, "phone_number" varchar, "address" varchar, "password_digest" varchar, "created_at" datetime NOT NULL, "updated_at" datetime NOT NULL)[0m
  [1m[35mSQL (0.2ms)[0m  [1m[32mINSERT INTO "schema_migrations" ("version") VALUES (?)[0m  [["version", "20171102064626"]]
  [1m[35m (108.7ms)[0m  [1m[36mcommit transaction[0m
Migrating to CreateProducts (20171107153548)
  [1m[35m (0.1ms)[0m  [1m[36mbegin transaction[0m
  [1m[35m (0.2ms)[0m  [1m[35mCREATE TABLE "products" ("id" INTEGER PRIMARY KEY AUTOINCREMENT NOT NULL, "name" varchar, "description" varchar, "price" integer, "quanty" integer, "image" varchar, "image1" varchar, "image2" varchar, "image3" varchar, "created_at" datetime NOT NULL, "updated_at" datetime NOT NULL)[0m
  [1m[35mSQL (0.2ms)[0m  [1m[32mINSERT INTO "schema_migrations" ("version") VALUES (?)[0m  [["version", "20171107153548"]]
  [1m[35m (86.0ms)[0m  [1m[36mcommit transaction[0m
  [1m[36mActiveRecord::InternalMetadata Load (0.1ms)[0m  [1m[34mSELECT  "ar_internal_metadata".* FROM "ar_internal_metadata" WHERE "ar_internal_metadata"."key" = ? LIMIT ?[0m  [["key", "environment"], ["LIMIT", 1]]
  [1m[35m (0.0ms)[0m  [1m[36mbegin transaction[0m
  [1m[35mSQL (0.2ms)[0m  [1m[32mINSERT INTO "ar_internal_metadata" ("key", "value", "created_at", "updated_at") VALUES (?, ?, ?, ?)[0m  [["key", "environment"], ["value", "development"], ["created_at", "2017-11-15 04:25:11.305955"], ["updated_at", "2017-11-15 04:25:11.305955"]]
  [1m[35m (67.0ms)[0m  [1m[36mcommit transaction[0m
  [1m[35m (0.2ms)[0m  [1m[34mSELECT "schema_migrations"."version" FROM "schema_migrations" ORDER BY "schema_migrations"."version" ASC[0m
Started GET "/" for 127.0.0.1 at 2017-11-15 11:25:16 +0700
  [1m[35m (0.1ms)[0m  [1m[34mSELECT "schema_migrations"."version" FROM "schema_migrations" ORDER BY "schema_migrations"."version" ASC[0m
Processing by AppController#index as HTML
  [1m[36mProduct Load (0.2ms)[0m  [1m[34mSELECT  "products".* FROM "products" ORDER BY "products"."updated_at" ASC LIMIT ?[0m  [["LIMIT", 10]]
  [1m[36mProduct Load (0.1ms)[0m  [1m[34mSELECT  "products".* FROM "products" ORDER BY "products"."id" ASC LIMIT ?[0m  [["LIMIT", 10]]
  [1m[36mProduct Load (0.1ms)[0m  [1m[34mSELECT  "products".* FROM "products" ORDER BY "products"."id" DESC LIMIT ?[0m  [["LIMIT", 10]]
  Rendering app/index.html.erb within layouts/application
  Rendered layouts/_coupons.html.erb (0.3ms)
  Rendered app/index.html.erb within layouts/application (4192.7ms)
  [1m[36mUser Load (0.2ms)[0m  [1m[34mSELECT  "users".* FROM "users" WHERE "users"."id" IS NULL LIMIT ?[0m  [["LIMIT", 1]]
  Rendered layouts/_header.html.erb (4.6ms)
  Rendered layouts/_banner.html.erb (1.8ms)
  Rendered layouts/_footer.html.erb (4.7ms)
  Rendered layouts/_login.html.erb (0.5ms)
Completed 200 OK in 4528ms (Views: 4516.1ms | ActiveRecord: 1.3ms)


Started GET "/electronics.html" for 127.0.0.1 at 2017-11-15 11:25:45 +0700
  
ActionController::RoutingError (No route matches [GET] "/electronics.html"):
  
actionpack (5.1.4) lib/action_dispatch/middleware/debug_exceptions.rb:63:in `call'
web-console (3.5.1) lib/web_console/middleware.rb:135:in `call_app'
web-console (3.5.1) lib/web_console/middleware.rb:28:in `block in call'
web-console (3.5.1) lib/web_console/middleware.rb:18:in `catch'
web-console (3.5.1) lib/web_console/middleware.rb:18:in `call'
actionpack (5.1.4) lib/action_dispatch/middleware/show_exceptions.rb:31:in `call'
railties (5.1.4) lib/rails/rack/logger.rb:36:in `call_app'
railties (5.1.4) lib/rails/rack/logger.rb:24:in `block in call'
activesupport (5.1.4) lib/active_support/tagged_logging.rb:69:in `block in tagged'
activesupport (5.1.4) lib/active_support/tagged_logging.rb:26:in `tagged'
activesupport (5.1.4) lib/active_support/tagged_logging.rb:69:in `tagged'
railties (5.1.4) lib/rails/rack/logger.rb:24:in `call'
sprockets-rails (3.2.1) lib/sprockets/rails/quiet_assets.rb:13:in `call'
actionpack (5.1.4) lib/action_dispatch/middleware/remote_ip.rb:79:in `call'
actionpack (5.1.4) lib/action_dispatch/middleware/request_id.rb:25:in `call'
rack (2.0.3) lib/rack/method_override.rb:22:in `call'
rack (2.0.3) lib/rack/runtime.rb:22:in `call'
activesupport (5.1.4) lib/active_support/cache/strategy/local_cache_middleware.rb:27:in `call'
actionpack (5.1.4) lib/action_dispatch/middleware/executor.rb:12:in `call'
actionpack (5.1.4) lib/action_dispatch/middleware/static.rb:125:in `call'
rack (2.0.3) lib/rack/sendfile.rb:111:in `call'
railties (5.1.4) lib/rails/engine.rb:522:in `call'
puma (3.10.0) lib/puma/configuration.rb:225:in `call'
puma (3.10.0) lib/puma/server.rb:605:in `handle_request'
puma (3.10.0) lib/puma/server.rb:437:in `process_client'
puma (3.10.0) lib/puma/server.rb:301:in `block in run'
puma (3.10.0) lib/puma/thread_pool.rb:120:in `block in spawn_thread'
Started GET "/" for 127.0.0.1 at 2017-11-15 11:25:52 +0700
Processing by AppController#index as HTML
  [1m[36mProduct Load (0.5ms)[0m  [1m[34mSELECT  "products".* FROM "products" ORDER BY "products"."updated_at" ASC LIMIT ?[0m  [["LIMIT", 10]]
  [1m[36mProduct Load (0.3ms)[0m  [1m[34mSELECT  "products".* FROM "products" ORDER BY "products"."id" ASC LIMIT ?[0m  [["LIMIT", 10]]
  [1m[36mProduct Load (0.3ms)[0m  [1m[34mSELECT  "products".* FROM "products" ORDER BY "products"."id" DESC LIMIT ?[0m  [["LIMIT", 10]]
  Rendering app/index.html.erb within layouts/application
  Rendered layouts/_coupons.html.erb (0.3ms)
  Rendered app/index.html.erb within layouts/application (23.7ms)
  [1m[36mUser Load (0.2ms)[0m  [1m[34mSELECT  "users".* FROM "users" WHERE "users"."id" IS NULL LIMIT ?[0m  [["LIMIT", 1]]
  Rendered layouts/_header.html.erb (2.7ms)
  Rendered layouts/_banner.html.erb (2.9ms)
  Rendered layouts/_footer.html.erb (11.1ms)
  Rendered layouts/_login.html.erb (0.6ms)
Completed 200 OK in 257ms (Views: 251.0ms | ActiveRecord: 1.2ms)


Started GET "/" for 127.0.0.1 at 2017-11-15 11:26:45 +0700
Processing by AppController#index as HTML
  [1m[36mProduct Load (1.3ms)[0m  [1m[34mSELECT  "products".* FROM "products" ORDER BY "products"."updated_at" ASC LIMIT ?[0m  [["LIMIT", 10]]
  [1m[36mProduct Load (0.1ms)[0m  [1m[34mSELECT  "products".* FROM "products" ORDER BY "products"."id" ASC LIMIT ?[0m  [["LIMIT", 10]]
  [1m[36mProduct Load (0.1ms)[0m  [1m[34mSELECT  "products".* FROM "products" ORDER BY "products"."id" DESC LIMIT ?[0m  [["LIMIT", 10]]
  Rendering app/index.html.erb within layouts/application
  Rendered layouts/_coupons.html.erb (0.3ms)
  Rendered app/index.html.erb within layouts/application (17.2ms)
  [1m[36mUser Load (0.1ms)[0m  [1m[34mSELECT  "users".* FROM "users" WHERE "users"."id" IS NULL LIMIT ?[0m  [["LIMIT", 1]]
  Rendered layouts/_header.html.erb (1.8ms)
  Rendered layouts/_banner.html.erb (2.0ms)
  Rendered layouts/_footer.html.erb (8.5ms)
  Rendered layouts/_login.html.erb (0.5ms)
Completed 200 OK in 186ms (Views: 182.0ms | ActiveRecord: 1.7ms)


Started GET "/show" for 127.0.0.1 at 2017-11-15 11:26:50 +0700
  
ActionController::RoutingError (No route matches [GET] "/show"):
  
actionpack (5.1.4) lib/action_dispatch/middleware/debug_exceptions.rb:63:in `call'
web-console (3.5.1) lib/web_console/middleware.rb:135:in `call_app'
web-console (3.5.1) lib/web_console/middleware.rb:28:in `block in call'
web-console (3.5.1) lib/web_console/middleware.rb:18:in `catch'
web-console (3.5.1) lib/web_console/middleware.rb:18:in `call'
actionpack (5.1.4) lib/action_dispatch/middleware/show_exceptions.rb:31:in `call'
railties (5.1.4) lib/rails/rack/logger.rb:36:in `call_app'
railties (5.1.4) lib/rails/rack/logger.rb:24:in `block in call'
activesupport (5.1.4) lib/active_support/tagged_logging.rb:69:in `block in tagged'
activesupport (5.1.4) lib/active_support/tagged_logging.rb:26:in `tagged'
activesupport (5.1.4) lib/active_support/tagged_logging.rb:69:in `tagged'
railties (5.1.4) lib/rails/rack/logger.rb:24:in `call'
sprockets-rails (3.2.1) lib/sprockets/rails/quiet_assets.rb:13:in `call'
actionpack (5.1.4) lib/action_dispatch/middleware/remote_ip.rb:79:in `call'
actionpack (5.1.4) lib/action_dispatch/middleware/request_id.rb:25:in `call'
rack (2.0.3) lib/rack/method_override.rb:22:in `call'
rack (2.0.3) lib/rack/runtime.rb:22:in `call'
activesupport (5.1.4) lib/active_support/cache/strategy/local_cache_middleware.rb:27:in `call'
actionpack (5.1.4) lib/action_dispatch/middleware/executor.rb:12:in `call'
actionpack (5.1.4) lib/action_dispatch/middleware/static.rb:125:in `call'
rack (2.0.3) lib/rack/sendfile.rb:111:in `call'
railties (5.1.4) lib/rails/engine.rb:522:in `call'
puma (3.10.0) lib/puma/configuration.rb:225:in `call'
puma (3.10.0) lib/puma/server.rb:605:in `handle_request'
puma (3.10.0) lib/puma/server.rb:437:in `process_client'
puma (3.10.0) lib/puma/server.rb:301:in `block in run'
puma (3.10.0) lib/puma/thread_pool.rb:120:in `block in spawn_thread'
Started GET "/index" for 127.0.0.1 at 2017-11-15 11:27:12 +0700
Processing by AppController#index as HTML
  [1m[36mProduct Load (0.2ms)[0m  [1m[34mSELECT  "products".* FROM "products" ORDER BY "products"."updated_at" ASC LIMIT ?[0m  [["LIMIT", 10]]
  [1m[36mProduct Load (0.2ms)[0m  [1m[34mSELECT  "products".* FROM "products" ORDER BY "products"."id" ASC LIMIT ?[0m  [["LIMIT", 10]]
  [1m[36mProduct Load (0.4ms)[0m  [1m[34mSELECT  "products".* FROM "products" ORDER BY "products"."id" DESC LIMIT ?[0m  [["LIMIT", 10]]
  Rendering app/index.html.erb within layouts/application
  Rendered layouts/_coupons.html.erb (0.6ms)
  Rendered app/index.html.erb within layouts/application (23.6ms)
  [1m[36mUser Load (0.2ms)[0m  [1m[34mSELECT  "users".* FROM "users" WHERE "users"."id" IS NULL LIMIT ?[0m  [["LIMIT", 1]]
  Rendered layouts/_header.html.erb (2.1ms)
  Rendered layouts/_banner.html.erb (3.4ms)
  Rendered layouts/_footer.html.erb (8.7ms)
  Rendered layouts/_login.html.erb (0.6ms)
Completed 200 OK in 267ms (Views: 261.8ms | ActiveRecord: 1.0ms)


Started GET "/checkout" for 127.0.0.1 at 2017-11-15 11:27:46 +0700
Processing by AppController#checkout as HTML
  [1m[36mUser Load (0.2ms)[0m  [1m[34mSELECT  "users".* FROM "users" WHERE "users"."id" IS NULL LIMIT ?[0m  [["LIMIT", 1]]
Redirected to http://localhost:3000/
Filter chain halted as :require_signin rendered or redirected
Completed 302 Found in 2ms (ActiveRecord: 0.2ms)


Started GET "/" for 127.0.0.1 at 2017-11-15 11:27:46 +0700
Processing by AppController#index as HTML
  [1m[36mProduct Load (0.2ms)[0m  [1m[34mSELECT  "products".* FROM "products" ORDER BY "products"."updated_at" ASC LIMIT ?[0m  [["LIMIT", 10]]
  [1m[36mProduct Load (0.1ms)[0m  [1m[34mSELECT  "products".* FROM "products" ORDER BY "products"."id" ASC LIMIT ?[0m  [["LIMIT", 10]]
  [1m[36mProduct Load (0.1ms)[0m  [1m[34mSELECT  "products".* FROM "products" ORDER BY "products"."id" DESC LIMIT ?[0m  [["LIMIT", 10]]
  Rendering app/index.html.erb within layouts/application
  Rendered layouts/_coupons.html.erb (0.4ms)
  Rendered app/index.html.erb within layouts/application (24.1ms)
  [1m[36mUser Load (0.1ms)[0m  [1m[34mSELECT  "users".* FROM "users" WHERE "users"."id" IS NULL LIMIT ?[0m  [["LIMIT", 1]]
  Rendered layouts/_header.html.erb (2.6ms)
  Rendered layouts/_banner.html.erb (3.1ms)
  Rendered layouts/_footer.html.erb (9.2ms)
  Rendered layouts/_login.html.erb (0.9ms)
Completed 200 OK in 244ms (Views: 240.7ms | ActiveRecord: 0.6ms)


Started GET "/contact.html" for 127.0.0.1 at 2017-11-15 11:29:54 +0700
  
ActionController::RoutingError (No route matches [GET] "/contact.html"):
  
actionpack (5.1.4) lib/action_dispatch/middleware/debug_exceptions.rb:63:in `call'
web-console (3.5.1) lib/web_console/middleware.rb:135:in `call_app'
web-console (3.5.1) lib/web_console/middleware.rb:28:in `block in call'
web-console (3.5.1) lib/web_console/middleware.rb:18:in `catch'
web-console (3.5.1) lib/web_console/middleware.rb:18:in `call'
actionpack (5.1.4) lib/action_dispatch/middleware/show_exceptions.rb:31:in `call'
railties (5.1.4) lib/rails/rack/logger.rb:36:in `call_app'
railties (5.1.4) lib/rails/rack/logger.rb:24:in `block in call'
activesupport (5.1.4) lib/active_support/tagged_logging.rb:69:in `block in tagged'
activesupport (5.1.4) lib/active_support/tagged_logging.rb:26:in `tagged'
activesupport (5.1.4) lib/active_support/tagged_logging.rb:69:in `tagged'
railties (5.1.4) lib/rails/rack/logger.rb:24:in `call'
sprockets-rails (3.2.1) lib/sprockets/rails/quiet_assets.rb:13:in `call'
actionpack (5.1.4) lib/action_dispatch/middleware/remote_ip.rb:79:in `call'
actionpack (5.1.4) lib/action_dispatch/middleware/request_id.rb:25:in `call'
rack (2.0.3) lib/rack/method_override.rb:22:in `call'
rack (2.0.3) lib/rack/runtime.rb:22:in `call'
activesupport (5.1.4) lib/active_support/cache/strategy/local_cache_middleware.rb:27:in `call'
actionpack (5.1.4) lib/action_dispatch/middleware/executor.rb:12:in `call'
actionpack (5.1.4) lib/action_dispatch/middleware/static.rb:125:in `call'
rack (2.0.3) lib/rack/sendfile.rb:111:in `call'
railties (5.1.4) lib/rails/engine.rb:522:in `call'
puma (3.10.0) lib/puma/configuration.rb:225:in `call'
puma (3.10.0) lib/puma/server.rb:605:in `handle_request'
puma (3.10.0) lib/puma/server.rb:437:in `process_client'
puma (3.10.0) lib/puma/server.rb:301:in `block in run'
puma (3.10.0) lib/puma/thread_pool.rb:120:in `block in spawn_thread'
Started GET "/mens" for 127.0.0.1 at 2017-11-15 11:30:02 +0700
Processing by AppController#mens as HTML
  Rendering app/mens.html.erb within layouts/application
  Rendered app/mens.html.erb within layouts/application (16.8ms)
  [1m[36mUser Load (0.2ms)[0m  [1m[34mSELECT  "users".* FROM "users" WHERE "users"."id" IS NULL LIMIT ?[0m  [["LIMIT", 1]]
  Rendered layouts/_header.html.erb (3.7ms)
  Rendered layouts/_banner.html.erb (2.2ms)
  Rendered layouts/_footer.html.erb (5.7ms)
  Rendered layouts/_login.html.erb (0.5ms)
Completed 200 OK in 197ms (Views: 196.4ms | ActiveRecord: 0.2ms)


Started POST "/signup" for 127.0.0.1 at 2017-11-15 11:30:37 +0700
Processing by UsersController#create as HTML
  Parameters: {"authenticity_token"=>"LJe3t1w+30zgvCzDWcapIG1gBJWtgs/P30Q3xmSKugGinGG0iO77ltSAlX3Q8CT+eBKwtYWoQhirPw8WhLlrag==", "user"=>{"email"=>"hung@123", "password"=>"[FILTERED]", "password_confirmation"=>"[FILTERED]"}}
  [1m[35m (0.1ms)[0m  [1m[36mbegin transaction[0m
  [1m[36mUser Exists (0.2ms)[0m  [1m[34mSELECT  1 AS one FROM "users" WHERE LOWER("users"."email") = LOWER(?) LIMIT ?[0m  [["email", "hung@123"], ["LIMIT", 1]]
  [1m[35m (0.0ms)[0m  [1m[31mrollback transaction[0m
Redirected to http://localhost:3000/
Completed 302 Found in 143ms (ActiveRecord: 0.9ms)


Started GET "/" for 127.0.0.1 at 2017-11-15 11:30:37 +0700
Processing by AppController#index as HTML
  [1m[36mProduct Load (0.3ms)[0m  [1m[34mSELECT  "products".* FROM "products" ORDER BY "products"."updated_at" ASC LIMIT ?[0m  [["LIMIT", 10]]
  [1m[36mProduct Load (0.1ms)[0m  [1m[34mSELECT  "products".* FROM "products" ORDER BY "products"."id" ASC LIMIT ?[0m  [["LIMIT", 10]]
  [1m[36mProduct Load (0.1ms)[0m  [1m[34mSELECT  "products".* FROM "products" ORDER BY "products"."id" DESC LIMIT ?[0m  [["LIMIT", 10]]
  Rendering app/index.html.erb within layouts/application
  Rendered layouts/_coupons.html.erb (0.4ms)
  Rendered app/index.html.erb within layouts/application (20.7ms)
  [1m[36mUser Load (0.2ms)[0m  [1m[34mSELECT  "users".* FROM "users" WHERE "users"."id" IS NULL LIMIT ?[0m  [["LIMIT", 1]]
  Rendered layouts/_header.html.erb (1.9ms)
  Rendered layouts/_banner.html.erb (1.7ms)
  Rendered layouts/_footer.html.erb (5.9ms)
  Rendered layouts/_login.html.erb (0.6ms)
Completed 200 OK in 229ms (Views: 225.9ms | ActiveRecord: 0.7ms)


Started POST "/signup" for 127.0.0.1 at 2017-11-15 11:30:59 +0700
Processing by UsersController#create as HTML
  Parameters: {"authenticity_token"=>"ffb20aEpOwvFGUSA2W/wqhK/lJXMwDDo0JZrM9aEOhXz/SDSdfkf0fEl/T5QWX10B80gteTqvT+k7VPjNrfrfg==", "user"=>{"email"=>"hung@123", "password"=>"[FILTERED]", "password_confirmation"=>"[FILTERED]"}}
  [1m[35m (0.1ms)[0m  [1m[36mbegin transaction[0m
  [1m[36mUser Exists (0.5ms)[0m  [1m[34mSELECT  1 AS one FROM "users" WHERE LOWER("users"."email") = LOWER(?) LIMIT ?[0m  [["email", "hung@123"], ["LIMIT", 1]]
  [1m[35m (0.1ms)[0m  [1m[31mrollback transaction[0m
Redirected to http://localhost:3000/
Completed 302 Found in 72ms (ActiveRecord: 0.6ms)


Started GET "/" for 127.0.0.1 at 2017-11-15 11:30:59 +0700
Processing by AppController#index as HTML
  [1m[36mProduct Load (0.3ms)[0m  [1m[34mSELECT  "products".* FROM "products" ORDER BY "products"."updated_at" ASC LIMIT ?[0m  [["LIMIT", 10]]
  [1m[36mProduct Load (0.2ms)[0m  [1m[34mSELECT  "products".* FROM "products" ORDER BY "products"."id" ASC LIMIT ?[0m  [["LIMIT", 10]]
  [1m[36mProduct Load (0.2ms)[0m  [1m[34mSELECT  "products".* FROM "products" ORDER BY "products"."id" DESC LIMIT ?[0m  [["LIMIT", 10]]
  Rendering app/index.html.erb within layouts/application
  Rendered layouts/_coupons.html.erb (0.5ms)
  Rendered app/index.html.erb within layouts/application (18.6ms)
  [1m[36mUser Load (0.2ms)[0m  [1m[34mSELECT  "users".* FROM "users" WHERE "users"."id" IS NULL LIMIT ?[0m  [["LIMIT", 1]]
  Rendered layouts/_header.html.erb (4.0ms)
  Rendered layouts/_banner.html.erb (3.1ms)
  Rendered layouts/_footer.html.erb (4.9ms)
  Rendered layouts/_login.html.erb (0.5ms)
Completed 200 OK in 237ms (Views: 232.8ms | ActiveRecord: 1.0ms)


Started POST "/signup" for 127.0.0.1 at 2017-11-15 11:31:15 +0700
Processing by UsersController#create as HTML
  Parameters: {"authenticity_token"=>"C6K0j8WssZHP9EODHA+iDznishrtGn+JCtxm0tS95VaFqWKMEXyVS/vI+j2VOS/RLJAGOsUw8l5+p14CNI40PQ==", "user"=>{"email"=>"hung@gmail.com", "password"=>"[FILTERED]", "password_confirmation"=>"[FILTERED]"}}
  [1m[35m (0.1ms)[0m  [1m[36mbegin transaction[0m
  [1m[36mUser Exists (0.1ms)[0m  [1m[34mSELECT  1 AS one FROM "users" WHERE LOWER("users"."email") = LOWER(?) LIMIT ?[0m  [["email", "hung@gmail.com"], ["LIMIT", 1]]
  [1m[35mSQL (0.3ms)[0m  [1m[32mINSERT INTO "users" ("email", "password_digest", "created_at", "updated_at") VALUES (?, ?, ?, ?)[0m  [["email", "hung@gmail.com"], ["password_digest", "$2a$10$U7GIcQkiSMVStYqI1.K0XOOxNLdkqsHoNJzA0lwGQDiDf0zlDX6WG"], ["created_at", "2017-11-15 04:31:15.121166"], ["updated_at", "2017-11-15 04:31:15.121166"]]
  [1m[35m (122.6ms)[0m  [1m[36mcommit transaction[0m
Redirected to http://localhost:3000/users/1
Completed 302 Found in 194ms (ActiveRecord: 123.0ms)


Started GET "/users/1" for 127.0.0.1 at 2017-11-15 11:31:15 +0700
Processing by UsersController#show as HTML
  Parameters: {"id"=>"1"}
  [1m[36mUser Load (0.2ms)[0m  [1m[34mSELECT  "users".* FROM "users" WHERE "users"."id" = ? LIMIT ?[0m  [["id", 1], ["LIMIT", 1]]
  [1m[36mUser Load (0.1ms)[0m  [1m[34mSELECT  "users".* FROM "users" WHERE "users"."id" = ? LIMIT ?[0m  [["id", 1], ["LIMIT", 1]]
  Rendering users/show.html.erb within layouts/application
  Rendered users/show.html.erb within layouts/application (1.2ms)
  [1m[36mCACHE User Load (0.0ms)[0m  [1m[34mSELECT  "users".* FROM "users" WHERE "users"."id" = ? LIMIT ?[0m  [["id", 1], ["LIMIT", 1]]
  Rendered layouts/_header.html.erb (3.2ms)
  Rendered layouts/_banner.html.erb (2.4ms)
  Rendered layouts/_footer.html.erb (4.8ms)
  Rendered layouts/_login.html.erb (0.4ms)
Completed 200 OK in 220ms (Views: 215.2ms | ActiveRecord: 0.3ms)


Started GET "/index" for 127.0.0.1 at 2017-11-15 11:31:23 +0700
Processing by AppController#index as HTML
  [1m[36mProduct Load (0.2ms)[0m  [1m[34mSELECT  "products".* FROM "products" ORDER BY "products"."updated_at" ASC LIMIT ?[0m  [["LIMIT", 10]]
  [1m[36mProduct Load (0.2ms)[0m  [1m[34mSELECT  "products".* FROM "products" ORDER BY "products"."id" ASC LIMIT ?[0m  [["LIMIT", 10]]
  [1m[36mProduct Load (0.1ms)[0m  [1m[34mSELECT  "products".* FROM "products" ORDER BY "products"."id" DESC LIMIT ?[0m  [["LIMIT", 10]]
  Rendering app/index.html.erb within layouts/application
  Rendered layouts/_coupons.html.erb (0.2ms)
  Rendered app/index.html.erb within layouts/application (14.3ms)
  [1m[36mUser Load (0.1ms)[0m  [1m[34mSELECT  "users".* FROM "users" WHERE "users"."id" = ? LIMIT ?[0m  [["id", 1], ["LIMIT", 1]]
  Rendered layouts/_header.html.erb (1.7ms)
  Rendered layouts/_banner.html.erb (2.3ms)
  Rendered layouts/_footer.html.erb (4.7ms)
  Rendered layouts/_login.html.erb (0.5ms)
Completed 200 OK in 175ms (Views: 171.9ms | ActiveRecord: 0.6ms)


Started GET "/index" for 127.0.0.1 at 2017-11-15 11:33:40 +0700
Processing by AppController#index as HTML
  [1m[36mProduct Load (0.2ms)[0m  [1m[34mSELECT  "products".* FROM "products" ORDER BY "products"."updated_at" ASC LIMIT ?[0m  [["LIMIT", 10]]
  [1m[36mProduct Load (0.1ms)[0m  [1m[34mSELECT  "products".* FROM "products" ORDER BY "products"."id" ASC LIMIT ?[0m  [["LIMIT", 10]]
  [1m[36mProduct Load (0.1ms)[0m  [1m[34mSELECT  "products".* FROM "products" ORDER BY "products"."id" DESC LIMIT ?[0m  [["LIMIT", 10]]
  Rendering app/index.html.erb within layouts/application
  Rendered layouts/_coupons.html.erb (0.3ms)
  Rendered app/index.html.erb within layouts/application (16.3ms)
  [1m[36mUser Load (0.1ms)[0m  [1m[34mSELECT  "users".* FROM "users" WHERE "users"."id" = ? LIMIT ?[0m  [["id", 1], ["LIMIT", 1]]
  Rendered layouts/_header.html.erb (1.7ms)
  Rendered layouts/_banner.html.erb (2.2ms)
  Rendered layouts/_footer.html.erb (5.8ms)
  Rendered layouts/_login.html.erb (0.5ms)
Completed 200 OK in 169ms (Views: 166.2ms | ActiveRecord: 0.5ms)


Started GET "/users/1" for 127.0.0.1 at 2017-11-15 11:33:46 +0700
Processing by UsersController#show as HTML
  Parameters: {"id"=>"1"}
  [1m[36mUser Load (0.1ms)[0m  [1m[34mSELECT  "users".* FROM "users" WHERE "users"."id" = ? LIMIT ?[0m  [["id", 1], ["LIMIT", 1]]
  [1m[36mUser Load (0.2ms)[0m  [1m[34mSELECT  "users".* FROM "users" WHERE "users"."id" = ? LIMIT ?[0m  [["id", 1], ["LIMIT", 1]]
  Rendering users/show.html.erb within layouts/application
  Rendered users/show.html.erb within layouts/application (1.3ms)
  [1m[36mCACHE User Load (0.0ms)[0m  [1m[34mSELECT  "users".* FROM "users" WHERE "users"."id" = ? LIMIT ?[0m  [["id", 1], ["LIMIT", 1]]
  Rendered layouts/_header.html.erb (1.7ms)
  Rendered layouts/_banner.html.erb (1.7ms)
  Rendered layouts/_footer.html.erb (5.0ms)
  Rendered layouts/_login.html.erb (0.5ms)
Completed 200 OK in 170ms (Views: 167.4ms | ActiveRecord: 0.3ms)


Started GET "/users/1" for 127.0.0.1 at 2017-11-15 11:33:48 +0700
Processing by UsersController#show as HTML
  Parameters: {"id"=>"1"}
  [1m[36mUser Load (0.1ms)[0m  [1m[34mSELECT  "users".* FROM "users" WHERE "users"."id" = ? LIMIT ?[0m  [["id", 1], ["LIMIT", 1]]
  [1m[36mUser Load (0.1ms)[0m  [1m[34mSELECT  "users".* FROM "users" WHERE "users"."id" = ? LIMIT ?[0m  [["id", 1], ["LIMIT", 1]]
  Rendering users/show.html.erb within layouts/application
  Rendered users/show.html.erb within layouts/application (0.7ms)
  [1m[36mCACHE User Load (0.0ms)[0m  [1m[34mSELECT  "users".* FROM "users" WHERE "users"."id" = ? LIMIT ?[0m  [["id", 1], ["LIMIT", 1]]
  Rendered layouts/_header.html.erb (1.5ms)
  Rendered layouts/_banner.html.erb (1.6ms)
  Rendered layouts/_footer.html.erb (4.6ms)
  Rendered layouts/_login.html.erb (0.5ms)
Completed 200 OK in 145ms (Views: 143.8ms | ActiveRecord: 0.2ms)


Started DELETE "/logout" for 127.0.0.1 at 2017-11-15 11:33:52 +0700
Processing by SessionsController#destroy as HTML
  Parameters: {"authenticity_token"=>"nuemJ/6pz49lXZGa6sHNazUTmBWSzkrB8DFYtmQAc4EQ7HAkKnnrVVFhKCRj90C1IGEsNbrkxxaESmBmhDOi6g=="}
  [1m[36mUser Load (0.1ms)[0m  [1m[34mSELECT  "users".* FROM "users" WHERE "users"."id" = ? LIMIT ?[0m  [["id", 1], ["LIMIT", 1]]
Redirected to http://localhost:3000/
Completed 302 Found in 1ms (ActiveRecord: 0.1ms)


Started GET "/" for 127.0.0.1 at 2017-11-15 11:33:52 +0700
Processing by AppController#index as HTML
  [1m[36mProduct Load (0.2ms)[0m  [1m[34mSELECT  "products".* FROM "products" ORDER BY "products"."updated_at" ASC LIMIT ?[0m  [["LIMIT", 10]]
  [1m[36mProduct Load (0.2ms)[0m  [1m[34mSELECT  "products".* FROM "products" ORDER BY "products"."id" ASC LIMIT ?[0m  [["LIMIT", 10]]
  [1m[36mProduct Load (0.2ms)[0m  [1m[34mSELECT  "products".* FROM "products" ORDER BY "products"."id" DESC LIMIT ?[0m  [["LIMIT", 10]]
  Rendering app/index.html.erb within layouts/application
  Rendered layouts/_coupons.html.erb (0.4ms)
  Rendered app/index.html.erb within layouts/application (16.4ms)
  [1m[36mUser Load (0.2ms)[0m  [1m[34mSELECT  "users".* FROM "users" WHERE "users"."id" IS NULL LIMIT ?[0m  [["LIMIT", 1]]
  Rendered layouts/_header.html.erb (2.1ms)
  Rendered layouts/_banner.html.erb (1.8ms)
  Rendered layouts/_footer.html.erb (5.4ms)
  Rendered layouts/_login.html.erb (0.5ms)
Completed 200 OK in 180ms (Views: 176.1ms | ActiveRecord: 0.8ms)


Started GET "/index" for 127.0.0.1 at 2017-11-15 11:33:54 +0700
Processing by AppController#index as HTML
  [1m[36mProduct Load (0.2ms)[0m  [1m[34mSELECT  "products".* FROM "products" ORDER BY "products"."updated_at" ASC LIMIT ?[0m  [["LIMIT", 10]]
  [1m[36mProduct Load (0.1ms)[0m  [1m[34mSELECT  "products".* FROM "products" ORDER BY "products"."id" ASC LIMIT ?[0m  [["LIMIT", 10]]
  [1m[36mProduct Load (0.1ms)[0m  [1m[34mSELECT  "products".* FROM "products" ORDER BY "products"."id" DESC LIMIT ?[0m  [["LIMIT", 10]]
  Rendering app/index.html.erb within layouts/application
  Rendered layouts/_coupons.html.erb (0.3ms)
  Rendered app/index.html.erb within layouts/application (15.8ms)
  [1m[36mUser Load (0.2ms)[0m  [1m[34mSELECT  "users".* FROM "users" WHERE "users"."id" IS NULL LIMIT ?[0m  [["LIMIT", 1]]
  Rendered layouts/_header.html.erb (1.9ms)
  Rendered layouts/_banner.html.erb (1.9ms)
  Rendered layouts/_footer.html.erb (4.9ms)
  Rendered layouts/_login.html.erb (0.5ms)
Completed 200 OK in 168ms (Views: 164.9ms | ActiveRecord: 0.6ms)


Started POST "/signin" for 127.0.0.1 at 2017-11-15 11:33:59 +0700
Processing by SessionsController#create as HTML
  Parameters: {"authenticity_token"=>"ED3pT+7InBnUlIqM2iHfCpZ9P3PNrzjQDvk8vX4T5yWeNj9MOhi4w+CoMzJTF1LUgw+LU+WFtQd6ggRtniA2Tg==", "session"=>{"email"=>"hung@123", "password"=>"[FILTERED]"}}
  [1m[36mUser Load (0.2ms)[0m  [1m[34mSELECT  "users".* FROM "users" WHERE "users"."email" = ? LIMIT ?[0m  [["email", "hung@123"], ["LIMIT", 1]]
Redirected to http://localhost:3000/
Completed 302 Found in 2ms (ActiveRecord: 0.2ms)


Started GET "/" for 127.0.0.1 at 2017-11-15 11:33:59 +0700
Processing by AppController#index as HTML
  [1m[36mProduct Load (0.3ms)[0m  [1m[34mSELECT  "products".* FROM "products" ORDER BY "products"."updated_at" ASC LIMIT ?[0m  [["LIMIT", 10]]
  [1m[36mProduct Load (0.2ms)[0m  [1m[34mSELECT  "products".* FROM "products" ORDER BY "products"."id" ASC LIMIT ?[0m  [["LIMIT", 10]]
  [1m[36mProduct Load (0.2ms)[0m  [1m[34mSELECT  "products".* FROM "products" ORDER BY "products"."id" DESC LIMIT ?[0m  [["LIMIT", 10]]
  Rendering app/index.html.erb within layouts/application
  Rendered layouts/_coupons.html.erb (0.6ms)
  Rendered app/index.html.erb within layouts/application (16.1ms)
  [1m[36mUser Load (0.1ms)[0m  [1m[34mSELECT  "users".* FROM "users" WHERE "users"."id" IS NULL LIMIT ?[0m  [["LIMIT", 1]]
  Rendered layouts/_header.html.erb (1.9ms)
  Rendered layouts/_banner.html.erb (1.6ms)
  Rendered layouts/_footer.html.erb (6.0ms)
  Rendered layouts/_login.html.erb (0.5ms)
Completed 200 OK in 189ms (Views: 183.4ms | ActiveRecord: 0.9ms)


Started GET "/" for 127.0.0.1 at 2017-11-15 11:34:02 +0700
Processing by AppController#index as HTML
  [1m[36mProduct Load (0.2ms)[0m  [1m[34mSELECT  "products".* FROM "products" ORDER BY "products"."updated_at" ASC LIMIT ?[0m  [["LIMIT", 10]]
  [1m[36mProduct Load (0.1ms)[0m  [1m[34mSELECT  "products".* FROM "products" ORDER BY "products"."id" ASC LIMIT ?[0m  [["LIMIT", 10]]
  [1m[36mProduct Load (0.1ms)[0m  [1m[34mSELECT  "products".* FROM "products" ORDER BY "products"."id" DESC LIMIT ?[0m  [["LIMIT", 10]]
  Rendering app/index.html.erb within layouts/application
  Rendered layouts/_coupons.html.erb (0.3ms)
  Rendered app/index.html.erb within layouts/application (20.3ms)
  [1m[36mUser Load (0.2ms)[0m  [1m[34mSELECT  "users".* FROM "users" WHERE "users"."id" IS NULL LIMIT ?[0m  [["LIMIT", 1]]
  Rendered layouts/_header.html.erb (2.0ms)
  Rendered layouts/_banner.html.erb (1.7ms)
  Rendered layouts/_footer.html.erb (8.2ms)
  Rendered layouts/_login.html.erb (0.8ms)
Completed 200 OK in 202ms (Views: 199.5ms | ActiveRecord: 0.6ms)


Started GET "/" for 127.0.0.1 at 2017-11-15 11:34:07 +0700
Processing by AppController#index as HTML
  [1m[36mProduct Load (0.3ms)[0m  [1m[34mSELECT  "products".* FROM "products" ORDER BY "products"."updated_at" ASC LIMIT ?[0m  [["LIMIT", 10]]
  [1m[36mProduct Load (0.2ms)[0m  [1m[34mSELECT  "products".* FROM "products" ORDER BY "products"."id" ASC LIMIT ?[0m  [["LIMIT", 10]]
  [1m[36mProduct Load (0.2ms)[0m  [1m[34mSELECT  "products".* FROM "products" ORDER BY "products"."id" DESC LIMIT ?[0m  [["LIMIT", 10]]
  Rendering app/index.html.erb within layouts/application
  Rendered layouts/_coupons.html.erb (0.4ms)
  Rendered app/index.html.erb within layouts/application (19.6ms)
  [1m[36mUser Load (0.2ms)[0m  [1m[34mSELECT  "users".* FROM "users" WHERE "users"."id" IS NULL LIMIT ?[0m  [["LIMIT", 1]]
  Rendered layouts/_header.html.erb (2.2ms)
  Rendered layouts/_banner.html.erb (1.8ms)
  Rendered layouts/_footer.html.erb (6.2ms)
  Rendered layouts/_login.html.erb (0.6ms)
Completed 200 OK in 212ms (Views: 208.8ms | ActiveRecord: 0.8ms)


Started GET "/" for 127.0.0.1 at 2017-11-15 11:34:16 +0700
Processing by AppController#index as HTML
  [1m[36mProduct Load (0.2ms)[0m  [1m[34mSELECT  "products".* FROM "products" ORDER BY "products"."updated_at" ASC LIMIT ?[0m  [["LIMIT", 10]]
  [1m[36mProduct Load (0.2ms)[0m  [1m[34mSELECT  "products".* FROM "products" ORDER BY "products"."id" ASC LIMIT ?[0m  [["LIMIT", 10]]
  [1m[36mProduct Load (0.3ms)[0m  [1m[34mSELECT  "products".* FROM "products" ORDER BY "products"."id" DESC LIMIT ?[0m  [["LIMIT", 10]]
  Rendering app/index.html.erb within layouts/application
  Rendered layouts/_coupons.html.erb (0.3ms)
  Rendered app/index.html.erb within layouts/application (16.7ms)
  [1m[36mUser Load (0.1ms)[0m  [1m[34mSELECT  "users".* FROM "users" WHERE "users"."id" IS NULL LIMIT ?[0m  [["LIMIT", 1]]
  Rendered layouts/_header.html.erb (1.8ms)
  Rendered layouts/_banner.html.erb (1.6ms)
  Rendered layouts/_footer.html.erb (4.7ms)
  Rendered layouts/_login.html.erb (0.5ms)
Completed 200 OK in 178ms (Views: 174.5ms | ActiveRecord: 0.8ms)


Started POST "/signin" for 127.0.0.1 at 2017-11-15 11:34:29 +0700
Processing by SessionsController#create as HTML
  Parameters: {"authenticity_token"=>"ZScoelkQTaD2+4VLL2aFIX6CZG1S7MiyR9BZPi32DSXrLP55jcBpesLHPPWmUAj/a/DQTXrGRWUzq2HuzcXcTg==", "session"=>{"email"=>"hung@gmail.com", "password"=>"[FILTERED]"}}
  [1m[36mUser Load (0.1ms)[0m  [1m[34mSELECT  "users".* FROM "users" WHERE "users"."email" = ? LIMIT ?[0m  [["email", "hung@gmail.com"], ["LIMIT", 1]]
Redirected to http://localhost:3000/users/1
Completed 302 Found in 66ms (ActiveRecord: 0.1ms)


Started GET "/users/1" for 127.0.0.1 at 2017-11-15 11:34:29 +0700
Processing by UsersController#show as HTML
  Parameters: {"id"=>"1"}
  [1m[36mUser Load (0.3ms)[0m  [1m[34mSELECT  "users".* FROM "users" WHERE "users"."id" = ? LIMIT ?[0m  [["id", 1], ["LIMIT", 1]]
  [1m[36mUser Load (0.1ms)[0m  [1m[34mSELECT  "users".* FROM "users" WHERE "users"."id" = ? LIMIT ?[0m  [["id", 1], ["LIMIT", 1]]
  Rendering users/show.html.erb within layouts/application
  Rendered users/show.html.erb within layouts/application (0.7ms)
  [1m[36mCACHE User Load (0.0ms)[0m  [1m[34mSELECT  "users".* FROM "users" WHERE "users"."id" = ? LIMIT ?[0m  [["id", 1], ["LIMIT", 1]]
  Rendered layouts/_header.html.erb (1.6ms)
  Rendered layouts/_banner.html.erb (1.6ms)
  Rendered layouts/_footer.html.erb (5.3ms)
  Rendered layouts/_login.html.erb (0.5ms)
Completed 200 OK in 158ms (Views: 154.7ms | ActiveRecord: 0.4ms)


Started GET "/index" for 127.0.0.1 at 2017-11-15 11:34:34 +0700
Processing by AppController#index as HTML
  [1m[36mProduct Load (0.2ms)[0m  [1m[34mSELECT  "products".* FROM "products" ORDER BY "products"."updated_at" ASC LIMIT ?[0m  [["LIMIT", 10]]
  [1m[36mProduct Load (0.1ms)[0m  [1m[34mSELECT  "products".* FROM "products" ORDER BY "products"."id" ASC LIMIT ?[0m  [["LIMIT", 10]]
  [1m[36mProduct Load (0.1ms)[0m  [1m[34mSELECT  "products".* FROM "products" ORDER BY "products"."id" DESC LIMIT ?[0m  [["LIMIT", 10]]
  Rendering app/index.html.erb within layouts/application
  Rendered layouts/_coupons.html.erb (0.3ms)
  Rendered app/index.html.erb within layouts/application (21.4ms)
  [1m[36mUser Load (0.2ms)[0m  [1m[34mSELECT  "users".* FROM "users" WHERE "users"."id" = ? LIMIT ?[0m  [["id", 1], ["LIMIT", 1]]
  Rendered layouts/_header.html.erb (2.6ms)
  Rendered layouts/_banner.html.erb (1.7ms)
  Rendered layouts/_footer.html.erb (4.7ms)
  Rendered layouts/_login.html.erb (0.4ms)
Completed 200 OK in 187ms (Views: 184.8ms | ActiveRecord: 0.5ms)


Started GET "/checkout" for 127.0.0.1 at 2017-11-15 11:34:44 +0700
Processing by AppController#checkout as HTML
  [1m[36mUser Load (0.1ms)[0m  [1m[34mSELECT  "users".* FROM "users" WHERE "users"."id" = ? LIMIT ?[0m  [["id", 1], ["LIMIT", 1]]
  Rendering app/checkout.html.erb within layouts/application
  Rendered app/checkout.html.erb within layouts/application (0.4ms)
  [1m[36mCACHE User Load (0.0ms)[0m  [1m[34mSELECT  "users".* FROM "users" WHERE "users"."id" = ? LIMIT ?[0m  [["id", 1], ["LIMIT", 1]]
  Rendered layouts/_header.html.erb (2.3ms)
  Rendered layouts/_banner.html.erb (2.5ms)
  Rendered layouts/_footer.html.erb (5.6ms)
  Rendered layouts/_login.html.erb (0.8ms)
Completed 200 OK in 218ms (Views: 216.3ms | ActiveRecord: 0.1ms)


Started GET "/index" for 127.0.0.1 at 2017-11-15 11:39:31 +0700
Processing by AppController#index as HTML
  [1m[36mProduct Load (0.2ms)[0m  [1m[34mSELECT  "products".* FROM "products" ORDER BY "products"."updated_at" ASC LIMIT ?[0m  [["LIMIT", 10]]
  [1m[36mProduct Load (0.1ms)[0m  [1m[34mSELECT  "products".* FROM "products" ORDER BY "products"."id" ASC LIMIT ?[0m  [["LIMIT", 10]]
  [1m[36mProduct Load (0.1ms)[0m  [1m[34mSELECT  "products".* FROM "products" ORDER BY "products"."id" DESC LIMIT ?[0m  [["LIMIT", 10]]
  Rendering app/index.html.erb within layouts/application
  Rendered layouts/_coupons.html.erb (0.3ms)
  Rendered app/index.html.erb within layouts/application (15.7ms)
  [1m[36mUser Load (0.1ms)[0m  [1m[34mSELECT  "users".* FROM "users" WHERE "users"."id" = ? LIMIT ?[0m  [["id", 1], ["LIMIT", 1]]
  Rendered layouts/_header.html.erb (1.7ms)
  Rendered layouts/_banner.html.erb (1.7ms)
  Rendered layouts/_footer.html.erb (4.8ms)
  Rendered layouts/_login.html.erb (0.4ms)
Completed 200 OK in 151ms (Views: 148.7ms | ActiveRecord: 0.4ms)


Started GET "/mens" for 127.0.0.1 at 2017-11-15 11:39:44 +0700
Processing by AppController#mens as HTML
  Rendering app/mens.html.erb within layouts/application
  Rendered app/mens.html.erb within layouts/application (20.3ms)
  [1m[36mUser Load (0.1ms)[0m  [1m[34mSELECT  "users".* FROM "users" WHERE "users"."id" = ? LIMIT ?[0m  [["id", 1], ["LIMIT", 1]]
  Rendered layouts/_header.html.erb (1.5ms)
  Rendered layouts/_banner.html.erb (1.6ms)
  Rendered layouts/_footer.html.erb (5.7ms)
  Rendered layouts/_login.html.erb (0.5ms)
Completed 200 OK in 197ms (Views: 196.1ms | ActiveRecord: 0.1ms)


Started GET "/mens" for 127.0.0.1 at 2017-11-15 11:42:02 +0700
Processing by AppController#mens as HTML
  Rendering app/mens.html.erb within layouts/application
  Rendered app/mens.html.erb within layouts/application (21.1ms)
  [1m[36mUser Load (0.1ms)[0m  [1m[34mSELECT  "users".* FROM "users" WHERE "users"."id" = ? LIMIT ?[0m  [["id", 1], ["LIMIT", 1]]
  Rendered layouts/_header.html.erb (2.1ms)
  Rendered layouts/_banner.html.erb (1.7ms)
  Rendered layouts/_footer.html.erb (4.8ms)
  Rendered layouts/_login.html.erb (0.5ms)
Completed 200 OK in 163ms (Views: 162.0ms | ActiveRecord: 0.1ms)


Started GET "/mens" for 127.0.0.1 at 2017-11-15 11:43:12 +0700
Processing by AppController#mens as HTML
  Rendering app/mens.html.erb within layouts/application
  Rendered app/mens.html.erb within layouts/application (20.7ms)
  [1m[36mUser Load (0.1ms)[0m  [1m[34mSELECT  "users".* FROM "users" WHERE "users"."id" = ? LIMIT ?[0m  [["id", 1], ["LIMIT", 1]]
  Rendered layouts/_header.html.erb (2.4ms)
  Rendered layouts/_banner.html.erb (2.4ms)
  Rendered layouts/_footer.html.erb (5.9ms)
  Rendered layouts/_login.html.erb (0.7ms)
Completed 200 OK in 202ms (Views: 200.5ms | ActiveRecord: 0.1ms)


Started GET "/" for 127.0.0.1 at 2017-11-17 20:47:47 +0700
  [1m[35m (0.1ms)[0m  [1m[34mSELECT "schema_migrations"."version" FROM "schema_migrations" ORDER BY "schema_migrations"."version" ASC[0m
Processing by AppController#index as HTML
  [1m[36mProduct Load (0.3ms)[0m  [1m[34mSELECT  "products".* FROM "products" ORDER BY "products"."updated_at" ASC LIMIT ?[0m  [["LIMIT", 10]]
  [1m[36mProduct Load (0.1ms)[0m  [1m[34mSELECT  "products".* FROM "products" ORDER BY "products"."id" ASC LIMIT ?[0m  [["LIMIT", 10]]
  [1m[36mProduct Load (0.1ms)[0m  [1m[34mSELECT  "products".* FROM "products" ORDER BY "products"."id" DESC LIMIT ?[0m  [["LIMIT", 10]]
  Rendering app/index.html.erb within layouts/application
  Rendered layouts/_coupons.html.erb (0.3ms)
  Rendered app/index.html.erb within layouts/application (565.3ms)
  [1m[36mUser Load (0.4ms)[0m  [1m[34mSELECT  "users".* FROM "users" WHERE "users"."id" IS NULL LIMIT ?[0m  [["LIMIT", 1]]
  Rendered layouts/_header.html.erb (26.6ms)
  Rendered layouts/_banner.html.erb (3.0ms)
  Rendered layouts/_footer.html.erb (17.7ms)
  Rendered layouts/_login.html.erb (0.9ms)
Completed 200 OK in 1131ms (Views: 1117.6ms | ActiveRecord: 1.8ms)


Started GET "/mens" for 127.0.0.1 at 2017-11-17 20:47:55 +0700
Processing by AppController#mens as HTML
  Rendering app/mens.html.erb within layouts/application
  Rendered app/mens.html.erb within layouts/application (52.8ms)
  [1m[36mUser Load (0.2ms)[0m  [1m[34mSELECT  "users".* FROM "users" WHERE "users"."id" IS NULL LIMIT ?[0m  [["LIMIT", 1]]
  Rendered layouts/_header.html.erb (2.1ms)
  Rendered layouts/_banner.html.erb (2.2ms)
  Rendered layouts/_footer.html.erb (9.0ms)
  Rendered layouts/_login.html.erb (0.7ms)
Completed 200 OK in 317ms (Views: 257.6ms | ActiveRecord: 0.2ms)


Started GET "/" for 127.0.0.1 at 2017-12-07 00:27:08 +0700
  [1m[35m (0.1ms)[0m  [1m[34mSELECT "schema_migrations"."version" FROM "schema_migrations" ORDER BY "schema_migrations"."version" ASC[0m
Processing by AppController#index as HTML
  [1m[36mProduct Load (0.3ms)[0m  [1m[34mSELECT  "products".* FROM "products" ORDER BY "products"."updated_at" ASC LIMIT ?[0m  [["LIMIT", 10]]
  [1m[36mProduct Load (0.1ms)[0m  [1m[34mSELECT  "products".* FROM "products" ORDER BY "products"."id" ASC LIMIT ?[0m  [["LIMIT", 10]]
  [1m[36mProduct Load (0.1ms)[0m  [1m[34mSELECT  "products".* FROM "products" ORDER BY "products"."id" DESC LIMIT ?[0m  [["LIMIT", 10]]
  Rendering app/index.html.erb within layouts/application
  Rendered layouts/_coupons.html.erb (0.5ms)
  Rendered app/index.html.erb within layouts/application (2629.6ms)
  [1m[36mUser Load (0.2ms)[0m  [1m[34mSELECT  "users".* FROM "users" WHERE "users"."id" IS NULL LIMIT ?[0m  [["LIMIT", 1]]
  Rendered layouts/_header.html.erb (22.5ms)
  Rendered layouts/_banner.html.erb (4.5ms)
  Rendered layouts/_footer.html.erb (16.0ms)
  Rendered layouts/_login.html.erb (1.2ms)
Completed 200 OK in 3754ms (Views: 3739.4ms | ActiveRecord: 1.8ms)


Started GET "/electronics.html" for 127.0.0.1 at 2017-12-07 00:31:11 +0700
  
ActionController::RoutingError (No route matches [GET] "/electronics.html"):
  
actionpack (5.1.4) lib/action_dispatch/middleware/debug_exceptions.rb:63:in `call'
web-console (3.5.1) lib/web_console/middleware.rb:135:in `call_app'
web-console (3.5.1) lib/web_console/middleware.rb:28:in `block in call'
web-console (3.5.1) lib/web_console/middleware.rb:18:in `catch'
web-console (3.5.1) lib/web_console/middleware.rb:18:in `call'
actionpack (5.1.4) lib/action_dispatch/middleware/show_exceptions.rb:31:in `call'
railties (5.1.4) lib/rails/rack/logger.rb:36:in `call_app'
railties (5.1.4) lib/rails/rack/logger.rb:24:in `block in call'
activesupport (5.1.4) lib/active_support/tagged_logging.rb:69:in `block in tagged'
activesupport (5.1.4) lib/active_support/tagged_logging.rb:26:in `tagged'
activesupport (5.1.4) lib/active_support/tagged_logging.rb:69:in `tagged'
railties (5.1.4) lib/rails/rack/logger.rb:24:in `call'
sprockets-rails (3.2.1) lib/sprockets/rails/quiet_assets.rb:13:in `call'
actionpack (5.1.4) lib/action_dispatch/middleware/remote_ip.rb:79:in `call'
actionpack (5.1.4) lib/action_dispatch/middleware/request_id.rb:25:in `call'
rack (2.0.3) lib/rack/method_override.rb:22:in `call'
rack (2.0.3) lib/rack/runtime.rb:22:in `call'
activesupport (5.1.4) lib/active_support/cache/strategy/local_cache_middleware.rb:27:in `call'
actionpack (5.1.4) lib/action_dispatch/middleware/executor.rb:12:in `call'
actionpack (5.1.4) lib/action_dispatch/middleware/static.rb:125:in `call'
rack (2.0.3) lib/rack/sendfile.rb:111:in `call'
railties (5.1.4) lib/rails/engine.rb:522:in `call'
puma (3.10.0) lib/puma/configuration.rb:225:in `call'
puma (3.10.0) lib/puma/server.rb:605:in `handle_request'
puma (3.10.0) lib/puma/server.rb:437:in `process_client'
puma (3.10.0) lib/puma/server.rb:301:in `block in run'
puma (3.10.0) lib/puma/thread_pool.rb:120:in `block in spawn_thread'
Started GET "/" for 127.0.0.1 at 2018-03-09 00:34:41 +0700
  [1m[35m (0.1ms)[0m  [1m[34mSELECT "schema_migrations"."version" FROM "schema_migrations" ORDER BY "schema_migrations"."version" ASC[0m
Processing by AppController#index as HTML
  [1m[36mProduct Load (0.2ms)[0m  [1m[34mSELECT  "products".* FROM "products" ORDER BY "products"."updated_at" ASC LIMIT ?[0m  [["LIMIT", 10]]
  [1m[36mProduct Load (0.1ms)[0m  [1m[34mSELECT  "products".* FROM "products" ORDER BY "products"."id" ASC LIMIT ?[0m  [["LIMIT", 10]]
  [1m[36mProduct Load (0.1ms)[0m  [1m[34mSELECT  "products".* FROM "products" ORDER BY "products"."id" DESC LIMIT ?[0m  [["LIMIT", 10]]
  Rendering app/index.html.erb within layouts/application
Started GET "/" for 127.0.0.1 at 2018-03-09 00:34:45 +0700
Processing by AppController#index as HTML
  [1m[36mProduct Load (0.1ms)[0m  [1m[34mSELECT  "products".* FROM "products" ORDER BY "products"."updated_at" ASC LIMIT ?[0m  [["LIMIT", 10]]
  [1m[36mProduct Load (0.1ms)[0m  [1m[34mSELECT  "products".* FROM "products" ORDER BY "products"."id" ASC LIMIT ?[0m  [["LIMIT", 10]]
  [1m[36mProduct Load (0.1ms)[0m  [1m[34mSELECT  "products".* FROM "products" ORDER BY "products"."id" DESC LIMIT ?[0m  [["LIMIT", 10]]
  Rendering app/index.html.erb within layouts/application
  Rendered layouts/_coupons.html.erb (0.3ms)
  Rendered app/index.html.erb within layouts/application (6573.1ms)
  Rendered layouts/_coupons.html.erb (0.3ms)
  Rendered app/index.html.erb within layouts/application (2854.1ms)
  [1m[36mUser Load (0.2ms)[0m  [1m[34mSELECT  "users".* FROM "users" WHERE "users"."id" IS NULL LIMIT ?[0m  [["LIMIT", 1]]
  [1m[36mUser Load (0.1ms)[0m  [1m[34mSELECT  "users".* FROM "users" WHERE "users"."id" IS NULL LIMIT ?[0m  [["LIMIT", 1]]
  Rendered layouts/_header.html.erb (10.8ms)
  Rendered layouts/_header.html.erb (5.2ms)
  Rendered layouts/_banner.html.erb (0.3ms)
  Rendered layouts/_banner.html.erb (0.3ms)
  Rendered layouts/_footer.html.erb (5.6ms)
  Rendered layouts/_login.html.erb (0.7ms)
Completed 200 OK in 3570ms (Views: 3554.3ms | ActiveRecord: 0.7ms)


  Rendered layouts/_footer.html.erb (11.3ms)
  Rendered layouts/_login.html.erb (0.7ms)
Completed 200 OK in 7298ms (Views: 7286.2ms | ActiveRecord: 1.3ms)


